fs.js:115
    throw err;
    ^

Error: ENOENT: no such file or directory, open '/home/ec2-user/repo/Idea-Finder_CSE406/back-end/index2.html'
    at Object.openSync (fs.js:436:3)
    at Object.readFileSync (fs.js:341:35)
    at Server.<anonymous> (/home/ec2-user/repo/Idea-Finder_CSE406/back-end/app.js:15:21)
    at Server.emit (events.js:182:13)
    at parserOnIncoming (_http_server.js:652:12)
    at HTTPParser.parserOnHeadersComplete (_http_common.js:109:17)
(node:23212) DeprecationWarning: `open()` is deprecated in mongoose >= 4.11.0, use `openUri()` instead, or set the `useMongoClient` option if using `connect()` or `createConnection()`. See http://mongoosejs.com/docs/4.x/docs/connections.html#use-mongo-client
IF WEB is  on port 3000!
mongodb connected
fs.js:115
    throw err;
    ^

Error: ENOENT: no such file or directory, open '/home/ec2-user/repo/Idea-Finder_CSE406/back-endback-end/main.html'
    at Object.openSync (fs.js:436:3)
    at Object.readFileSync (fs.js:341:35)
    at Server.<anonymous> (/home/ec2-user/repo/Idea-Finder_CSE406/back-end/main.js:17:21)
    at Server.emit (events.js:182:13)
    at parserOnIncoming (_http_server.js:652:12)
    at HTTPParser.parserOnHeadersComplete (_http_common.js:109:17)
/home/ec2-user/node_modules/express/lib/router/index.js:139
  debug('dispatching %s %s', req.method, req.url);
                                 ^

TypeError: Cannot read property 'method' of undefined
    at Function.handle (/home/ec2-user/node_modules/express/lib/router/index.js:139:34)
    at router (/home/ec2-user/node_modules/express/lib/router/index.js:47:12)
    at Object.<anonymous> (/home/ec2-user/repo/Idea-Finder_CSE406/back-end/main.js:7:35)
    at Module._compile (internal/modules/cjs/loader.js:688:30)
    at Object.Module._extensions..js (internal/modules/cjs/loader.js:699:10)
    at Module.load (internal/modules/cjs/loader.js:598:32)
    at tryModuleLoad (internal/modules/cjs/loader.js:537:12)
    at Function.Module._load (internal/modules/cjs/loader.js:529:3)
    at Function.Module.runMain (internal/modules/cjs/loader.js:741:12)
    at startup (internal/bootstrap/node.js:285:19)
    at bootstrapNodeJSCore (internal/bootstrap/node.js:739:3)
(node:28051) DeprecationWarning: `open()` is deprecated in mongoose >= 4.11.0, use `openUri()` instead, or set the `useMongoClient` option if using `connect()` or `createConnection()`. See http://mongoosejs.com/docs/4.x/docs/connections.html#use-mongo-client
IF WEB is  on port 3000!
mongodb connected
